
R version 2.7.2 (2008-08-25)
Copyright (C) 2008 The R Foundation for Statistical Computing
ISBN 3-900051-07-0

R ist freie Software und kommt OHNE JEGLICHE GARANTIE.
Sie sind eingeladen, es unter bestimmten Bedingungen weiter zu verbreiten.
Tippen Sie 'license()' or 'licence()' für Details dazu.

R ist ein Gemeinschaftsprojekt mit vielen Beitragenden.
Tippen Sie 'contributors()' für mehr Information und 'citation()',
um zu erfahren, wie R oder R packages in Publikationen zitiert werden können.

Tippen Sie 'demo()' für einige Demos, 'help()' für on-line Hilfe, oder
'help.start()' für eine HTML Browserschnittstelle zur Hilfe.
Tippen Sie 'q()', um R zu verlassen.

[Vorher gesicherter Workspace wiederhergestellt]

> 
> dyn.load("bi2aeq2.dll")
> is.loaded("bi2aeq2_")
[1] TRUE
> 
> 
> .Fortran("bi2aeq2")
list()
> 
> 
> 
> 
> 
> 
> proc.time()
       User      System verstrichen 
       1.06        0.01        1.11 
